2017-10-27 10:02:38,012 - totals start 2017-10-27 10:02:38:012
2017-10-27 10:02:38,021 - 消息来源127.0.0.1:31001==2017-10-27 10:02:38:021
2017-10-27 10:02:38,116 - 跳转到UdpReqUrl2017-10-27 10:02:38:116
2017-10-27 10:02:38,492 - UdpReqUrlfail,decode bodys data fail, please check key!====2017-10-27 10:02:38:492
2017-10-27 10:03:03,175 - 消息来源127.0.0.1:31001==2017-10-27 10:03:03:175
2017-10-27 10:03:03,240 - 跳转到UdpNtfUrl
2017-10-27 10:03:03,243 - setNtfUrlEnil 参数com.udp.entity.UdpHead@7977526anueParamcom.udp.entity.NtfUrlEnil@77b0b334
2017-10-27 10:06:59,713 - [Gibbon] modules [], plugins [], sites []
2017-10-27 10:06:59,727 - [Gibbon] creating thread_pool [force_merge], type [fixed], size [1], queue_size [null]
2017-10-27 10:06:59,734 - [Gibbon] creating thread_pool [percolate], type [fixed], size [4], queue_size [1k]
2017-10-27 10:06:59,746 - [Gibbon] creating thread_pool [fetch_shard_started], type [scaling], min [1], size [8], keep_alive [5m]
2017-10-27 10:06:59,747 - [Gibbon] creating thread_pool [listener], type [fixed], size [2], queue_size [null]
2017-10-27 10:06:59,747 - [Gibbon] creating thread_pool [index], type [fixed], size [4], queue_size [200]
2017-10-27 10:06:59,748 - [Gibbon] creating thread_pool [refresh], type [scaling], min [1], size [2], keep_alive [5m]
2017-10-27 10:06:59,748 - [Gibbon] creating thread_pool [suggest], type [fixed], size [4], queue_size [1k]
2017-10-27 10:06:59,748 - [Gibbon] creating thread_pool [generic], type [cached], keep_alive [30s]
2017-10-27 10:06:59,749 - [Gibbon] creating thread_pool [warmer], type [scaling], min [1], size [2], keep_alive [5m]
2017-10-27 10:06:59,749 - [Gibbon] creating thread_pool [search], type [fixed], size [7], queue_size [1k]
2017-10-27 10:06:59,749 - [Gibbon] creating thread_pool [flush], type [scaling], min [1], size [2], keep_alive [5m]
2017-10-27 10:06:59,749 - [Gibbon] creating thread_pool [fetch_shard_store], type [scaling], min [1], size [8], keep_alive [5m]
2017-10-27 10:06:59,750 - [Gibbon] creating thread_pool [management], type [scaling], min [1], size [5], keep_alive [5m]
2017-10-27 10:06:59,750 - [Gibbon] creating thread_pool [get], type [fixed], size [4], queue_size [1k]
2017-10-27 10:06:59,750 - [Gibbon] creating thread_pool [bulk], type [fixed], size [4], queue_size [50]
2017-10-27 10:06:59,750 - [Gibbon] creating thread_pool [snapshot], type [scaling], min [1], size [2], keep_alive [5m]
2017-10-27 10:07:01,091 - configuration:

lo
        Software Loopback Interface 1
        inet 127.0.0.1 netmask:255.0.0.0 broadcast:127.255.255.255 scope:host
        inet6 ::1 prefixlen:128 scope:host
        UP MULTICAST LOOPBACK mtu:-1 index:1

eth0
        VMware Virtual Ethernet Adapter for VMnet1
        inet 192.168.62.1 netmask:255.255.255.0 broadcast:192.168.62.255 scope:site
        inet6 fe80::9153:7647:312c:c6e7 prefixlen:64 scope:link
        hardware 00:50:56:C0:00:01
        UP MULTICAST mtu:1500 index:2

eth1
        WAN Miniport (IPv6)
        MULTICAST mtu:-1 index:3

eth2
        VMware Virtual Ethernet Adapter for VMnet8
        inet 192.168.100.1 netmask:255.255.255.0 broadcast:192.168.100.255 scope:site
        inet6 fe80::ed9d:c317:9025:11e2 prefixlen:64 scope:link
        hardware 00:50:56:C0:00:08
        UP MULTICAST mtu:1500 index:4

eth3
        Bluetooth Device (Personal Area Network)
        inet6 fe80::7d10:2d6b:3dd6:be46 prefixlen:64 scope:link
        hardware 28:56:5A:9F:1D:CA
        MULTICAST mtu:1500 index:5

eth4
        Hillstone Virtual Network Adapter
        inet6 fe80::3461:2140:6291:595 prefixlen:64 scope:link
        hardware 00:FF:27:62:A3:F2
        MULTICAST mtu:1500 index:6

net0
        Microsoft Teredo Tunneling Adapter
        inet6 2001:0:9d38:953c:1460:5aa:8ec6:7d45 prefixlen:0
        inet6 fe80::1460:5aa:8ec6:7d45 prefixlen:32 scope:link
        hardware 00:00:00:00:00:00:00:E0
        UP POINTOPOINT mtu:1280 index:7

eth5
        WAN Miniport (Network Monitor)
        MULTICAST mtu:-1 index:8

net1
        Microsoft ISATAP Adapter
        inet6 fe80::5efe:c0a8:3e01 prefixlen:128 scope:link
        hardware 00:00:00:00:00:00:00:E0
        POINTOPOINT mtu:1280 index:9

net2
        WAN Miniport (PPTP)
        MULTICAST mtu:-1 index:10

eth6
        Microsoft Kernel Debug Network Adapter
        MULTICAST mtu:-1 index:11

eth7
        WAN Miniport (IP)
        MULTICAST mtu:-1 index:12

wlan0
        Qualcomm Atheros QCA9377 Wireless Network Adapter
        inet 192.168.28.180 netmask:255.255.255.0 broadcast:192.168.28.255 scope:site
        inet6 fe80::8813:4511:8cb7:cbba prefixlen:64 scope:link
        hardware 28:56:5A:9F:1D:C9
        UP MULTICAST mtu:1500 index:13

eth8
        Realtek PCIe GBE Family Controller
        inet6 fe80::b18d:a5b7:5ef2:3bb8 prefixlen:64 scope:link
        hardware C8:5B:76:D4:34:CC
        MULTICAST mtu:1500 index:14

net3
        Bluetooth Device (RFCOMM Protocol TDI)
        MULTICAST mtu:-1 index:15

net4
        WAN Miniport (IKEv2)
        MULTICAST mtu:-1 index:16

net5
        Microsoft ISATAP Adapter #2
        inet6 fe80::5efe:c0a8:6401 prefixlen:128 scope:link
        hardware 00:00:00:00:00:00:00:E0
        POINTOPOINT mtu:1280 index:17

wlan1
        Microsoft Wi-Fi Direct Virtual Adapter
        inet6 fe80::2550:f38f:a18b:460 prefixlen:64 scope:link
        hardware 2A:56:5A:9F:1D:C9
        MULTICAST mtu:1500 index:18

ppp0
        WAN Miniport (PPPOE)
        MULTICAST mtu:-1 index:19

net6
        WAN Miniport (L2TP)
        MULTICAST mtu:-1 index:20

net7
        WAN Miniport (SSTP)
        MULTICAST mtu:-1 index:21

net8
        Microsoft ISATAP Adapter #3
        inet6 fe80::5efe:c0a8:1cb4 prefixlen:128 scope:link
        hardware 00:00:00:00:00:00:00:E0
        POINTOPOINT mtu:1280 index:22

eth9
        Hillstone Virtual Network Adapter-WFP Native MAC Layer LightWeight Filter-0000
        MULTICAST mtu:-1 index:23

eth10
        Hillstone Virtual Network Adapter-QoS Packet Scheduler-0000
        MULTICAST mtu:-1 index:24

eth11
        Hillstone Virtual Network Adapter-WFP 802.3 MAC Layer LightWeight Filter-0000
        MULTICAST mtu:-1 index:25

eth12
        Realtek PCIe GBE Family Controller-WFP Native MAC Layer LightWeight Filter-0000
        MULTICAST mtu:-1 index:26

eth13
        Realtek PCIe GBE Family Controller-QoS Packet Scheduler-0000
        MULTICAST mtu:-1 index:27

eth14
        Realtek PCIe GBE Family Controller-WFP 802.3 MAC Layer LightWeight Filter-0000
        MULTICAST mtu:-1 index:28

wlan2
        Qualcomm Atheros QCA9377 Wireless Network Adapter-WFP Native MAC Layer LightWeight Filter-0000
        MULTICAST mtu:-1 index:29

wlan3
        Qualcomm Atheros QCA9377 Wireless Network Adapter-Virtual WiFi Filter Driver-0000
        MULTICAST mtu:-1 index:30

wlan4
        Qualcomm Atheros QCA9377 Wireless Network Adapter-Native WiFi Filter Driver-0000
        MULTICAST mtu:-1 index:31

wlan5
        Qualcomm Atheros QCA9377 Wireless Network Adapter-QoS Packet Scheduler-0000
        MULTICAST mtu:-1 index:32

wlan6
        Qualcomm Atheros QCA9377 Wireless Network Adapter-WFP 802.3 MAC Layer LightWeight Filter-0000
        MULTICAST mtu:-1 index:33

wlan7
        Microsoft Wi-Fi Direct Virtual Adapter-WFP Native MAC Layer LightWeight Filter-0000
        MULTICAST mtu:-1 index:34

wlan8
        Microsoft Wi-Fi Direct Virtual Adapter-Native WiFi Filter Driver-0000
        MULTICAST mtu:-1 index:35

wlan9
        Microsoft Wi-Fi Direct Virtual Adapter-QoS Packet Scheduler-0000
        MULTICAST mtu:-1 index:36

wlan10
        Microsoft Wi-Fi Direct Virtual Adapter-WFP 802.3 MAC Layer LightWeight Filter-0000
        MULTICAST mtu:-1 index:37

2017-10-27 10:07:01,118 - using gathering [true]
2017-10-27 10:07:01,189 - [Gibbon] node_sampler_interval[5s]
2017-10-27 10:07:01,214 - Using select timeout of 500
2017-10-27 10:07:01,215 - Epoll-bug workaround enabled = false
2017-10-27 10:07:01,305 - [Gibbon] adding address [{#transport#-1}{192.168.8.252}{192.168.8.252:9300}]
2017-10-27 10:07:01,351 - [Gibbon] connected to node [{#transport#-1}{192.168.8.252}{192.168.8.252:9300}]
2017-10-27 10:07:04,453 - [Gibbon] connected to node [{node-2}{2UbsXkJ-RbKgL2tb9tIo7Q}{192.168.8.252}{192.168.8.252:9300}]
2017-10-27 10:07:04,453 - redisFilePathD:\workspace\netty_udp/resources/spring-redis.xml
2017-10-27 10:07:05,305 - UDP Server 启动！
2017-10-27 10:07:05,306 - UDP通道已经连接
2017-10-27 10:07:12,370 - totals start 2017-10-27 10:07:12:370
2017-10-27 10:07:12,376 - 消息来源127.0.0.1:31001==2017-10-27 10:07:12:376
2017-10-27 10:07:12,482 - 跳转到UdpNtfUrl
2017-10-27 10:07:12,483 - setNtfUrlEnil 参数com.udp.entity.UdpHead@20764cc2nueParamcom.udp.entity.NtfUrlEnil@57db0504
2017-10-27 10:07:19,164 - 消息来源127.0.0.1:31001==2017-10-27 10:07:19:164
2017-10-27 10:07:19,231 - 跳转到UdpReqUrl2017-10-27 10:07:19:231
2017-10-27 10:07:19,543 - UdpReqUrlfail,decode bodys data fail, please check key!====2017-10-27 10:07:19:543
2017-10-27 10:11:47,891 - [Nox] modules [], plugins [], sites []
2017-10-27 10:11:47,907 - [Nox] creating thread_pool [force_merge], type [fixed], size [1], queue_size [null]
2017-10-27 10:11:47,914 - [Nox] creating thread_pool [percolate], type [fixed], size [4], queue_size [1k]
2017-10-27 10:11:47,926 - [Nox] creating thread_pool [fetch_shard_started], type [scaling], min [1], size [8], keep_alive [5m]
2017-10-27 10:11:47,926 - [Nox] creating thread_pool [listener], type [fixed], size [2], queue_size [null]
2017-10-27 10:11:47,927 - [Nox] creating thread_pool [index], type [fixed], size [4], queue_size [200]
2017-10-27 10:11:47,927 - [Nox] creating thread_pool [refresh], type [scaling], min [1], size [2], keep_alive [5m]
2017-10-27 10:11:47,927 - [Nox] creating thread_pool [suggest], type [fixed], size [4], queue_size [1k]
2017-10-27 10:11:47,927 - [Nox] creating thread_pool [generic], type [cached], keep_alive [30s]
2017-10-27 10:11:47,928 - [Nox] creating thread_pool [warmer], type [scaling], min [1], size [2], keep_alive [5m]
2017-10-27 10:11:47,929 - [Nox] creating thread_pool [search], type [fixed], size [7], queue_size [1k]
2017-10-27 10:11:47,929 - [Nox] creating thread_pool [flush], type [scaling], min [1], size [2], keep_alive [5m]
2017-10-27 10:11:47,929 - [Nox] creating thread_pool [fetch_shard_store], type [scaling], min [1], size [8], keep_alive [5m]
2017-10-27 10:11:47,929 - [Nox] creating thread_pool [management], type [scaling], min [1], size [5], keep_alive [5m]
2017-10-27 10:11:47,930 - [Nox] creating thread_pool [get], type [fixed], size [4], queue_size [1k]
2017-10-27 10:11:47,930 - [Nox] creating thread_pool [bulk], type [fixed], size [4], queue_size [50]
2017-10-27 10:11:47,930 - [Nox] creating thread_pool [snapshot], type [scaling], min [1], size [2], keep_alive [5m]
2017-10-27 10:11:49,294 - configuration:

lo
        Software Loopback Interface 1
        inet 127.0.0.1 netmask:255.0.0.0 broadcast:127.255.255.255 scope:host
        inet6 ::1 prefixlen:128 scope:host
        UP MULTICAST LOOPBACK mtu:-1 index:1

eth0
        VMware Virtual Ethernet Adapter for VMnet1
        inet 192.168.62.1 netmask:255.255.255.0 broadcast:192.168.62.255 scope:site
        inet6 fe80::9153:7647:312c:c6e7 prefixlen:64 scope:link
        hardware 00:50:56:C0:00:01
        UP MULTICAST mtu:1500 index:2

eth1
        WAN Miniport (IPv6)
        MULTICAST mtu:-1 index:3

eth2
        VMware Virtual Ethernet Adapter for VMnet8
        inet 192.168.100.1 netmask:255.255.255.0 broadcast:192.168.100.255 scope:site
        inet6 fe80::ed9d:c317:9025:11e2 prefixlen:64 scope:link
        hardware 00:50:56:C0:00:08
        UP MULTICAST mtu:1500 index:4

eth3
        Bluetooth Device (Personal Area Network)
        inet6 fe80::7d10:2d6b:3dd6:be46 prefixlen:64 scope:link
        hardware 28:56:5A:9F:1D:CA
        MULTICAST mtu:1500 index:5

eth4
        Hillstone Virtual Network Adapter
        inet6 fe80::3461:2140:6291:595 prefixlen:64 scope:link
        hardware 00:FF:27:62:A3:F2
        MULTICAST mtu:1500 index:6

net0
        Microsoft Teredo Tunneling Adapter
        inet6 2001:0:9d38:953c:1460:5aa:8ec6:7d45 prefixlen:0
        inet6 fe80::1460:5aa:8ec6:7d45 prefixlen:32 scope:link
        hardware 00:00:00:00:00:00:00:E0
        UP POINTOPOINT mtu:1280 index:7

eth5
        WAN Miniport (Network Monitor)
        MULTICAST mtu:-1 index:8

net1
        Microsoft ISATAP Adapter
        inet6 fe80::5efe:c0a8:3e01 prefixlen:128 scope:link
        hardware 00:00:00:00:00:00:00:E0
        POINTOPOINT mtu:1280 index:9

net2
        WAN Miniport (PPTP)
        MULTICAST mtu:-1 index:10

eth6
        Microsoft Kernel Debug Network Adapter
        MULTICAST mtu:-1 index:11

eth7
        WAN Miniport (IP)
        MULTICAST mtu:-1 index:12

wlan0
        Qualcomm Atheros QCA9377 Wireless Network Adapter
        inet 192.168.28.180 netmask:255.255.255.0 broadcast:192.168.28.255 scope:site
        inet6 fe80::8813:4511:8cb7:cbba prefixlen:64 scope:link
        hardware 28:56:5A:9F:1D:C9
        UP MULTICAST mtu:1500 index:13

eth8
        Realtek PCIe GBE Family Controller
        inet6 fe80::b18d:a5b7:5ef2:3bb8 prefixlen:64 scope:link
        hardware C8:5B:76:D4:34:CC
        MULTICAST mtu:1500 index:14

net3
        Bluetooth Device (RFCOMM Protocol TDI)
        MULTICAST mtu:-1 index:15

net4
        WAN Miniport (IKEv2)
        MULTICAST mtu:-1 index:16

net5
        Microsoft ISATAP Adapter #2
        inet6 fe80::5efe:c0a8:6401 prefixlen:128 scope:link
        hardware 00:00:00:00:00:00:00:E0
        POINTOPOINT mtu:1280 index:17

wlan1
        Microsoft Wi-Fi Direct Virtual Adapter
        inet6 fe80::2550:f38f:a18b:460 prefixlen:64 scope:link
        hardware 2A:56:5A:9F:1D:C9
        MULTICAST mtu:1500 index:18

ppp0
        WAN Miniport (PPPOE)
        MULTICAST mtu:-1 index:19

net6
        WAN Miniport (L2TP)
        MULTICAST mtu:-1 index:20

net7
        WAN Miniport (SSTP)
        MULTICAST mtu:-1 index:21

net8
        Microsoft ISATAP Adapter #3
        inet6 fe80::5efe:c0a8:1cb4 prefixlen:128 scope:link
        hardware 00:00:00:00:00:00:00:E0
        POINTOPOINT mtu:1280 index:22

eth9
        Hillstone Virtual Network Adapter-WFP Native MAC Layer LightWeight Filter-0000
        MULTICAST mtu:-1 index:23

eth10
        Hillstone Virtual Network Adapter-QoS Packet Scheduler-0000
        MULTICAST mtu:-1 index:24

eth11
        Hillstone Virtual Network Adapter-WFP 802.3 MAC Layer LightWeight Filter-0000
        MULTICAST mtu:-1 index:25

eth12
        Realtek PCIe GBE Family Controller-WFP Native MAC Layer LightWeight Filter-0000
        MULTICAST mtu:-1 index:26

eth13
        Realtek PCIe GBE Family Controller-QoS Packet Scheduler-0000
        MULTICAST mtu:-1 index:27

eth14
        Realtek PCIe GBE Family Controller-WFP 802.3 MAC Layer LightWeight Filter-0000
        MULTICAST mtu:-1 index:28

wlan2
        Qualcomm Atheros QCA9377 Wireless Network Adapter-WFP Native MAC Layer LightWeight Filter-0000
        MULTICAST mtu:-1 index:29

wlan3
        Qualcomm Atheros QCA9377 Wireless Network Adapter-Virtual WiFi Filter Driver-0000
        MULTICAST mtu:-1 index:30

wlan4
        Qualcomm Atheros QCA9377 Wireless Network Adapter-Native WiFi Filter Driver-0000
        MULTICAST mtu:-1 index:31

wlan5
        Qualcomm Atheros QCA9377 Wireless Network Adapter-QoS Packet Scheduler-0000
        MULTICAST mtu:-1 index:32

wlan6
        Qualcomm Atheros QCA9377 Wireless Network Adapter-WFP 802.3 MAC Layer LightWeight Filter-0000
        MULTICAST mtu:-1 index:33

wlan7
        Microsoft Wi-Fi Direct Virtual Adapter-WFP Native MAC Layer LightWeight Filter-0000
        MULTICAST mtu:-1 index:34

wlan8
        Microsoft Wi-Fi Direct Virtual Adapter-Native WiFi Filter Driver-0000
        MULTICAST mtu:-1 index:35

wlan9
        Microsoft Wi-Fi Direct Virtual Adapter-QoS Packet Scheduler-0000
        MULTICAST mtu:-1 index:36

wlan10
        Microsoft Wi-Fi Direct Virtual Adapter-WFP 802.3 MAC Layer LightWeight Filter-0000
        MULTICAST mtu:-1 index:37

2017-10-27 10:11:49,320 - using gathering [true]
2017-10-27 10:11:49,394 - [Nox] node_sampler_interval[5s]
2017-10-27 10:11:49,418 - Using select timeout of 500
2017-10-27 10:11:49,418 - Epoll-bug workaround enabled = false
2017-10-27 10:11:49,519 - [Nox] adding address [{#transport#-1}{192.168.8.252}{192.168.8.252:9300}]
2017-10-27 10:11:49,567 - [Nox] connected to node [{#transport#-1}{192.168.8.252}{192.168.8.252:9300}]
2017-10-27 10:11:52,658 - [Nox] connected to node [{node-2}{2UbsXkJ-RbKgL2tb9tIo7Q}{192.168.8.252}{192.168.8.252:9300}]
2017-10-27 10:11:52,659 - redisFilePathD:\workspace\netty_udp/resources/spring-redis.xml
2017-10-27 10:11:53,567 - UDP Server 启动！
2017-10-27 10:11:53,569 - UDP通道已经连接
2017-10-27 10:12:13,656 - totals start 2017-10-27 10:12:13:656
2017-10-27 10:12:13,661 - 消息来源127.0.0.1:31001==2017-10-27 10:12:13:661
2017-10-27 10:12:15,179 - 跳转到UdpNtfUrl
2017-10-27 10:12:15,184 - setNtfUrlEnil 参数com.udp.entity.UdpHead@1bb81e7anueParamcom.udp.entity.NtfUrlEnil@1466bf31
2017-10-27 10:13:05,939 - 消息来源127.0.0.1:31001==2017-10-27 10:13:05:939
2017-10-27 10:13:06,019 - 跳转到UdpReqUrl2017-10-27 10:13:06:019
2017-10-27 10:13:06,338 - UdpReqUrlfail,decode bodys data fail, please check key!====2017-10-27 10:13:06:338
2017-10-27 10:14:36,426 - 消息来源127.0.0.1:31001==2017-10-27 10:14:36:426
2017-10-27 10:14:36,519 - 跳转到UdpReqUrl2017-10-27 10:14:36:519
2017-10-27 10:14:36,520 - getReqCheck 参数com.udp.entity.UdpHead@6b2e3da9rcParamcom.udp.entity.ReqUrlCheck@6f11a414
2017-10-27 10:14:50,798 - 消息来源127.0.0.1:31001==2017-10-27 10:14:50:798
2017-10-27 10:14:50,870 - 跳转到UdpReqUrl2017-10-27 10:14:50:870
2017-10-27 10:14:50,871 - getReqCheck 参数com.udp.entity.UdpHead@6c0c8ec9rcParamcom.udp.entity.ReqUrlCheck@62cb7d38
